<?xml version="1.0" encoding="UTF-8"?>
<testsuites>
  <testsuite name="" tests="25" assertions="1791" errors="0" warnings="0" failures="0" skipped="0" time="157.203645">
    <testsuite name="Browser Test Suite" tests="25" assertions="1791" errors="0" warnings="0" failures="0" skipped="0" time="157.203645">
      <testsuite name="Tests\Browser\AdminAccessTest" file="C:\Users\frede\Dropbox\xampp\htdocs\dusk_gvv\tests\Browser\AdminAccessTest.php" tests="5" assertions="556" errors="0" warnings="0" failures="0" skipped="0" time="40.825969">
        <testcase name="testAdminAccess" class="Tests\Browser\AdminAccessTest" classname="Tests.Browser.AdminAccessTest" file="C:\Users\frede\Dropbox\xampp\htdocs\dusk_gvv\tests\Browser\AdminAccessTest.php" line="11" assertions="140" time="8.657537"/>
        <testcase name="testMembresAccess" class="Tests\Browser\AdminAccessTest" classname="Tests.Browser.AdminAccessTest" file="C:\Users\frede\Dropbox\xampp\htdocs\dusk_gvv\tests\Browser\AdminAccessTest.php" line="54" assertions="115" time="6.669291"/>
        <testcase name="testPlaneursAccess" class="Tests\Browser\AdminAccessTest" classname="Tests.Browser.AdminAccessTest" file="C:\Users\frede\Dropbox\xampp\htdocs\dusk_gvv\tests\Browser\AdminAccessTest.php" line="98" assertions="114" time="11.719528"/>
        <testcase name="testAvionsAccess" class="Tests\Browser\AdminAccessTest" classname="Tests.Browser.AdminAccessTest" file="C:\Users\frede\Dropbox\xampp\htdocs\dusk_gvv\tests\Browser\AdminAccessTest.php" line="132" assertions="90" time="6.822077"/>
        <testcase name="testComptaAccess" class="Tests\Browser\AdminAccessTest" classname="Tests.Browser.AdminAccessTest" file="C:\Users\frede\Dropbox\xampp\htdocs\dusk_gvv\tests\Browser\AdminAccessTest.php" line="163" assertions="97" time="6.957536"/>
      </testsuite>
      <testsuite name="Tests\Browser\CIUnitTest" file="C:\Users\frede\Dropbox\xampp\htdocs\dusk_gvv\tests\Browser\CIUnitTest.php" tests="1" assertions="113" errors="0" warnings="0" failures="0" skipped="0" time="8.621175">
        <testcase name="testAccess" class="Tests\Browser\CIUnitTest" classname="Tests.Browser.CIUnitTest" file="C:\Users\frede\Dropbox\xampp\htdocs\dusk_gvv\tests\Browser\CIUnitTest.php" line="13" assertions="113" time="8.621175"/>
      </testsuite>
      <testsuite name="Tests\Browser\ExampleTest" file="C:\Users\frede\Dropbox\xampp\htdocs\dusk_gvv\tests\Browser\ExampleTest.php" tests="1" assertions="1" errors="0" warnings="0" failures="0" skipped="0" time="4.018253">
        <testcase name="testBasicExample" class="Tests\Browser\ExampleTest" classname="Tests.Browser.ExampleTest" file="C:\Users\frede\Dropbox\xampp\htdocs\dusk_gvv\tests\Browser\ExampleTest.php" line="15" assertions="1" time="4.018253"/>
      </testsuite>
      <testsuite name="Tests\Browser\InstallationTest" file="C:\Users\frede\Dropbox\xampp\htdocs\dusk_gvv\tests\Browser\InstallationTest.php" tests="1" assertions="8" errors="0" warnings="0" failures="0" skipped="0" time="4.664601">
        <testcase name="testReset" class="Tests\Browser\InstallationTest" classname="Tests.Browser.InstallationTest" file="C:\Users\frede\Dropbox\xampp\htdocs\dusk_gvv\tests\Browser\InstallationTest.php" line="16" assertions="8" time="4.664601"/>
      </testsuite>
      <testsuite name="Tests\Browser\LoginTest" file="C:\Users\frede\Dropbox\xampp\htdocs\dusk_gvv\tests\Browser\LoginTest.php" tests="3" assertions="10" errors="0" warnings="0" failures="0" skipped="0" time="7.138567">
        <testcase name="testHome" class="Tests\Browser\LoginTest" classname="Tests.Browser.LoginTest" file="C:\Users\frede\Dropbox\xampp\htdocs\dusk_gvv\tests\Browser\LoginTest.php" line="15" assertions="3" time="1.093586"/>
        <testcase name="testFirstLogin" class="Tests\Browser\LoginTest" classname="Tests.Browser.LoginTest" file="C:\Users\frede\Dropbox\xampp\htdocs\dusk_gvv\tests\Browser\LoginTest.php" line="29" assertions="4" time="3.059363"/>
        <testcase name="testAccess" class="Tests\Browser\LoginTest" classname="Tests.Browser.LoginTest" file="C:\Users\frede\Dropbox\xampp\htdocs\dusk_gvv\tests\Browser\LoginTest.php" line="45" assertions="3" time="2.985619"/>
      </testsuite>
      <testsuite name="Tests\Browser\MotdTest" file="C:\Users\frede\Dropbox\xampp\htdocs\dusk_gvv\tests\Browser\MotdTest.php" tests="2" assertions="10" errors="0" warnings="0" failures="0" skipped="0" time="6.616097">
        <testcase name="testHome" class="Tests\Browser\MotdTest" classname="Tests.Browser.MotdTest" file="C:\Users\frede\Dropbox\xampp\htdocs\dusk_gvv\tests\Browser\MotdTest.php" line="14" assertions="3" time="1.035158"/>
        <testcase name="testFirstLogin" class="Tests\Browser\MotdTest" classname="Tests.Browser.MotdTest" file="C:\Users\frede\Dropbox\xampp\htdocs\dusk_gvv\tests\Browser\MotdTest.php" line="28" assertions="7" time="5.580939"/>
      </testsuite>
      <testsuite name="Tests\Browser\PlanchisteAccessTest" file="C:\Users\frede\Dropbox\xampp\htdocs\dusk_gvv\tests\Browser\PlanchisteAccessTest.php" tests="5" assertions="526" errors="0" warnings="0" failures="0" skipped="0" time="36.717740">
        <testcase name="testAdminAccess" class="Tests\Browser\PlanchisteAccessTest" classname="Tests.Browser.PlanchisteAccessTest" file="C:\Users\frede\Dropbox\xampp\htdocs\dusk_gvv\tests\Browser\PlanchisteAccessTest.php" line="21" assertions="133" time="8.168265"/>
        <testcase name="testMembresAccess" class="Tests\Browser\PlanchisteAccessTest" classname="Tests.Browser.PlanchisteAccessTest" file="C:\Users\frede\Dropbox\xampp\htdocs\dusk_gvv\tests\Browser\PlanchisteAccessTest.php" line="65" assertions="106" time="6.462673"/>
        <testcase name="testPlaneursAccess" class="Tests\Browser\PlanchisteAccessTest" classname="Tests.Browser.PlanchisteAccessTest" file="C:\Users\frede\Dropbox\xampp\htdocs\dusk_gvv\tests\Browser\PlanchisteAccessTest.php" line="110" assertions="105" time="10.098467"/>
        <testcase name="testAvionsAccess" class="Tests\Browser\PlanchisteAccessTest" classname="Tests.Browser.PlanchisteAccessTest" file="C:\Users\frede\Dropbox\xampp\htdocs\dusk_gvv\tests\Browser\PlanchisteAccessTest.php" line="146" assertions="82" time="6.192276"/>
        <testcase name="testComptaAccess" class="Tests\Browser\PlanchisteAccessTest" classname="Tests.Browser.PlanchisteAccessTest" file="C:\Users\frede\Dropbox\xampp\htdocs\dusk_gvv\tests\Browser\PlanchisteAccessTest.php" line="178" assertions="100" time="5.796059"/>
      </testsuite>
      <testsuite name="Tests\Browser\PlaneurTest" file="C:\Users\frede\Dropbox\xampp\htdocs\dusk_gvv\tests\Browser\PlaneurTest.php" tests="1" assertions="4" errors="0" warnings="0" failures="0" skipped="0" time="4.228324">
        <testcase name="testAccess" class="Tests\Browser\PlaneurTest" classname="Tests.Browser.PlaneurTest" file="C:\Users\frede\Dropbox\xampp\htdocs\dusk_gvv\tests\Browser\PlaneurTest.php" line="27" assertions="4" time="4.228324">
          <system-out>From: 0, To: 0, Total: 0</system-out>
        </testcase>
      </testsuite>
      <testsuite name="Tests\Browser\TerrainTest" file="C:\Users\frede\Dropbox\xampp\htdocs\dusk_gvv\tests\Browser\TerrainTest.php" tests="1" assertions="40" errors="0" warnings="0" failures="0" skipped="0" time="10.176704">
        <testcase name="testTerrainCRUD" class="Tests\Browser\TerrainTest" classname="Tests.Browser.TerrainTest" file="C:\Users\frede\Dropbox\xampp\htdocs\dusk_gvv\tests\Browser\TerrainTest.php" line="85" assertions="40" time="10.176704">
          <system-out>From: 1, To: 12, Total: 12From: 1, To: 12, Total: 12From: 1, To: 13, Total: 13From: 1, To: 13, Total: 13From: 1, To: 14, Total: 14From: 1, To: 14, Total: 14From: 1, To: 14, Total: 14From: 1, To: 14, Total: 14From: 1, To: 14, Total: 14From: 1, To: 14, Total: 14From: 1, To: 13, Total: 13From: 1, To: 13, Total: 13From: 1, To: 12, Total: 12</system-out>
        </testcase>
      </testsuite>
      <testsuite name="Tests\Browser\UserAccessTest" file="C:\Users\frede\Dropbox\xampp\htdocs\dusk_gvv\tests\Browser\UserAccessTest.php" tests="5" assertions="523" errors="0" warnings="0" failures="0" skipped="0" time="34.196213">
        <testcase name="testAdminAccess" class="Tests\Browser\UserAccessTest" classname="Tests.Browser.UserAccessTest" file="C:\Users\frede\Dropbox\xampp\htdocs\dusk_gvv\tests\Browser\UserAccessTest.php" line="21" assertions="133" time="8.466055"/>
        <testcase name="testMembresAccess" class="Tests\Browser\UserAccessTest" classname="Tests.Browser.UserAccessTest" file="C:\Users\frede\Dropbox\xampp\htdocs\dusk_gvv\tests\Browser\UserAccessTest.php" line="65" assertions="106" time="6.476276"/>
        <testcase name="testPlaneursAccess" class="Tests\Browser\UserAccessTest" classname="Tests.Browser.UserAccessTest" file="C:\Users\frede\Dropbox\xampp\htdocs\dusk_gvv\tests\Browser\UserAccessTest.php" line="110" assertions="103" time="7.337862"/>
        <testcase name="testAvionsAccess" class="Tests\Browser\UserAccessTest" classname="Tests.Browser.UserAccessTest" file="C:\Users\frede\Dropbox\xampp\htdocs\dusk_gvv\tests\Browser\UserAccessTest.php" line="146" assertions="81" time="6.128620"/>
        <testcase name="testComptaAccess" class="Tests\Browser\UserAccessTest" classname="Tests.Browser.UserAccessTest" file="C:\Users\frede\Dropbox\xampp\htdocs\dusk_gvv\tests\Browser\UserAccessTest.php" line="178" assertions="100" time="5.787399"/>
      </testsuite>
    </testsuite>
  </testsuite>
</testsuites>
