<?xml version="1.0" encoding="UTF-8"?>
<testsuites>
  <testsuite name="" tests="74" assertions="3401" errors="1" warnings="1" failures="0" skipped="2" time="1042.432623">
    <testsuite name="Browser Test Suite" tests="74" assertions="3401" errors="1" warnings="1" failures="0" skipped="2" time="1042.432623">
      <testsuite name="Tests\Browser\AdminAccessTest" file="C:\Users\frede\Dropbox\xampp\htdocs\dusk_gvv\tests\Browser\AdminAccessTest.php" tests="5" assertions="566" errors="0" warnings="0" failures="0" skipped="0" time="101.491648">
        <testcase name="testAdminAccess" class="Tests\Browser\AdminAccessTest" classname="Tests.Browser.AdminAccessTest" file="C:\Users\frede\Dropbox\xampp\htdocs\dusk_gvv\tests\Browser\AdminAccessTest.php" line="11" assertions="142" time="27.837751"/>
        <testcase name="testMembresAccess" class="Tests\Browser\AdminAccessTest" classname="Tests.Browser.AdminAccessTest" file="C:\Users\frede\Dropbox\xampp\htdocs\dusk_gvv\tests\Browser\AdminAccessTest.php" line="54" assertions="117" time="18.770707"/>
        <testcase name="testPlaneursAccess" class="Tests\Browser\AdminAccessTest" classname="Tests.Browser.AdminAccessTest" file="C:\Users\frede\Dropbox\xampp\htdocs\dusk_gvv\tests\Browser\AdminAccessTest.php" line="98" assertions="116" time="23.100544"/>
        <testcase name="testAvionsAccess" class="Tests\Browser\AdminAccessTest" classname="Tests.Browser.AdminAccessTest" file="C:\Users\frede\Dropbox\xampp\htdocs\dusk_gvv\tests\Browser\AdminAccessTest.php" line="132" assertions="92" time="14.944588"/>
        <testcase name="testComptaAccess" class="Tests\Browser\AdminAccessTest" classname="Tests.Browser.AdminAccessTest" file="C:\Users\frede\Dropbox\xampp\htdocs\dusk_gvv\tests\Browser\AdminAccessTest.php" line="163" assertions="99" time="16.838059"/>
      </testsuite>
      <testsuite name="Tests\Browser\BureauAccessTest" file="C:\Users\frede\Dropbox\xampp\htdocs\dusk_gvv\tests\Browser\BureauAccessTest.php" tests="5" assertions="529" errors="0" warnings="0" failures="0" skipped="0" time="87.368378">
        <testcase name="testAdminAccess" class="Tests\Browser\BureauAccessTest" classname="Tests.Browser.BureauAccessTest" file="C:\Users\frede\Dropbox\xampp\htdocs\dusk_gvv\tests\Browser\BureauAccessTest.php" line="11" assertions="129" time="18.550495"/>
        <testcase name="testMembresAccess" class="Tests\Browser\BureauAccessTest" classname="Tests.Browser.BureauAccessTest" file="C:\Users\frede\Dropbox\xampp\htdocs\dusk_gvv\tests\Browser\BureauAccessTest.php" line="59" assertions="117" time="15.729192"/>
        <testcase name="testPlaneursAccess" class="Tests\Browser\BureauAccessTest" classname="Tests.Browser.BureauAccessTest" file="C:\Users\frede\Dropbox\xampp\htdocs\dusk_gvv\tests\Browser\BureauAccessTest.php" line="103" assertions="116" time="25.349567"/>
        <testcase name="testAvionsAccess" class="Tests\Browser\BureauAccessTest" classname="Tests.Browser.BureauAccessTest" file="C:\Users\frede\Dropbox\xampp\htdocs\dusk_gvv\tests\Browser\BureauAccessTest.php" line="143" assertions="68" time="12.233806"/>
        <testcase name="testComptaAccess" class="Tests\Browser\BureauAccessTest" classname="Tests.Browser.BureauAccessTest" file="C:\Users\frede\Dropbox\xampp\htdocs\dusk_gvv\tests\Browser\BureauAccessTest.php" line="175" assertions="99" time="15.505318"/>
      </testsuite>
      <testsuite name="Tests\Browser\CAAccessTest" file="C:\Users\frede\Dropbox\xampp\htdocs\dusk_gvv\tests\Browser\CAAccessTest.php" tests="5" assertions="510" errors="0" warnings="0" failures="0" skipped="0" time="79.925748">
        <testcase name="testAdminAccess" class="Tests\Browser\CAAccessTest" classname="Tests.Browser.CAAccessTest" file="C:\Users\frede\Dropbox\xampp\htdocs\dusk_gvv\tests\Browser\CAAccessTest.php" line="11" assertions="119" time="17.554808"/>
        <testcase name="testMembresAccess" class="Tests\Browser\CAAccessTest" classname="Tests.Browser.CAAccessTest" file="C:\Users\frede\Dropbox\xampp\htdocs\dusk_gvv\tests\Browser\CAAccessTest.php" line="55" assertions="108" time="14.979288"/>
        <testcase name="testPlaneursAccess" class="Tests\Browser\CAAccessTest" classname="Tests.Browser.CAAccessTest" file="C:\Users\frede\Dropbox\xampp\htdocs\dusk_gvv\tests\Browser\CAAccessTest.php" line="99" assertions="107" time="19.251569"/>
        <testcase name="testAvionsAccess" class="Tests\Browser\CAAccessTest" classname="Tests.Browser.CAAccessTest" file="C:\Users\frede\Dropbox\xampp\htdocs\dusk_gvv\tests\Browser\CAAccessTest.php" line="134" assertions="85" time="13.638660"/>
        <testcase name="testComptaAccess" class="Tests\Browser\CAAccessTest" classname="Tests.Browser.CAAccessTest" file="C:\Users\frede\Dropbox\xampp\htdocs\dusk_gvv\tests\Browser\CAAccessTest.php" line="166" assertions="91" time="14.501424"/>
      </testsuite>
      <testsuite name="Tests\Browser\CIUnitTest" file="C:\Users\frede\Dropbox\xampp\htdocs\dusk_gvv\tests\Browser\CIUnitTest.php" tests="1" assertions="108" errors="0" warnings="0" failures="0" skipped="0" time="44.952910">
        <testcase name="testAccess" class="Tests\Browser\CIUnitTest" classname="Tests.Browser.CIUnitTest" file="C:\Users\frede\Dropbox\xampp\htdocs\dusk_gvv\tests\Browser\CIUnitTest.php" line="13" assertions="108" time="44.952910"/>
      </testsuite>
      <testsuite name="Tests\Browser\DbInitTest" file="C:\Users\frede\Dropbox\xampp\htdocs\dusk_gvv\tests\Browser\DbInitTest.php" tests="4" assertions="16" errors="0" warnings="0" failures="0" skipped="0" time="18.095608">
        <testcase name="testInit" class="Tests\Browser\DbInitTest" classname="Tests.Browser.DbInitTest" file="C:\Users\frede\Dropbox\xampp\htdocs\dusk_gvv\tests\Browser\DbInitTest.php" line="30" assertions="12" time="13.522649"/>
        <testcase name="testLogin" class="Tests\Browser\DbInitTest" classname="Tests.Browser.DbInitTest" file="C:\Users\frede\Dropbox\xampp\htdocs\dusk_gvv\tests\Browser\DbInitTest.php" line="61" assertions="2" time="3.844300"/>
        <testcase name="testTest" class="Tests\Browser\DbInitTest" classname="Tests.Browser.DbInitTest" file="C:\Users\frede\Dropbox\xampp\htdocs\dusk_gvv\tests\Browser\DbInitTest.php" line="73" assertions="1" time="0.014852"/>
        <testcase name="testLogout" class="Tests\Browser\DbInitTest" classname="Tests.Browser.DbInitTest" file="C:\Users\frede\Dropbox\xampp\htdocs\dusk_gvv\tests\Browser\DbInitTest.php" line="84" assertions="1" time="0.713808"/>
      </testsuite>
      <testsuite name="Tests\Browser\ExampleTest" file="C:\Users\frede\Dropbox\xampp\htdocs\dusk_gvv\tests\Browser\ExampleTest.php" tests="3" assertions="3" errors="0" warnings="0" failures="0" skipped="0" time="6.161468">
        <testcase name="testBasicExample" class="Tests\Browser\ExampleTest" classname="Tests.Browser.ExampleTest" file="C:\Users\frede\Dropbox\xampp\htdocs\dusk_gvv\tests\Browser\ExampleTest.php" line="25" assertions="1" time="4.350386"/>
        <testcase name="testGoogleSearch" class="Tests\Browser\ExampleTest" classname="Tests.Browser.ExampleTest" file="C:\Users\frede\Dropbox\xampp\htdocs\dusk_gvv\tests\Browser\ExampleTest.php" line="39" assertions="1" time="0.625323"/>
        <testcase name="testGvv" class="Tests\Browser\ExampleTest" classname="Tests.Browser.ExampleTest" file="C:\Users\frede\Dropbox\xampp\htdocs\dusk_gvv\tests\Browser\ExampleTest.php" line="52" assertions="1" time="1.185759"/>
      </testsuite>
      <testsuite name="Tests\Browser\GliderFlightTest" file="C:\Users\frede\Dropbox\xampp\htdocs\dusk_gvv\tests\Browser\GliderFlightTest.php" tests="10" assertions="234" errors="1" warnings="0" failures="0" skipped="2" time="222.858473">
        <testcase name="testInit" class="Tests\Browser\GliderFlightTest" classname="Tests.Browser.GliderFlightTest" file="C:\Users\frede\Dropbox\xampp\htdocs\dusk_gvv\tests\Browser\GliderFlightTest.php" line="33" assertions="12" time="13.385671"/>
        <testcase name="testLogin" class="Tests\Browser\GliderFlightTest" classname="Tests.Browser.GliderFlightTest" file="C:\Users\frede\Dropbox\xampp\htdocs\dusk_gvv\tests\Browser\GliderFlightTest.php" line="64" assertions="2" time="3.918403"/>
        <testcase name="testCreate" class="Tests\Browser\GliderFlightTest" classname="Tests.Browser.GliderFlightTest" file="C:\Users\frede\Dropbox\xampp\htdocs\dusk_gvv\tests\Browser\GliderFlightTest.php" line="37" assertions="36" time="29.487114"/>
        <testcase name="testSingleSeater" class="Tests\Browser\GliderFlightTest" classname="Tests.Browser.GliderFlightTest" file="C:\Users\frede\Dropbox\xampp\htdocs\dusk_gvv\tests\Browser\GliderFlightTest.php" line="101" assertions="11" time="5.314672"/>
        <testcase name="testInFlight" class="Tests\Browser\GliderFlightTest" classname="Tests.Browser.GliderFlightTest" file="C:\Users\frede\Dropbox\xampp\htdocs\dusk_gvv\tests\Browser\GliderFlightTest.php" line="203" assertions="90" time="119.323915"/>
        <testcase name="testUpdate" class="Tests\Browser\GliderFlightTest" classname="Tests.Browser.GliderFlightTest" file="C:\Users\frede\Dropbox\xampp\htdocs\dusk_gvv\tests\Browser\GliderFlightTest.php" line="250" assertions="3" time="2.769551"/>
        <testcase name="testDelete" class="Tests\Browser\GliderFlightTest" classname="Tests.Browser.GliderFlightTest" file="C:\Users\frede\Dropbox\xampp\htdocs\dusk_gvv\tests\Browser\GliderFlightTest.php" line="280" assertions="1" time="1.745652"/>
        <testcase name="testBilling" class="Tests\Browser\GliderFlightTest" classname="Tests.Browser.GliderFlightTest" file="C:\Users\frede\Dropbox\xampp\htdocs\dusk_gvv\tests\Browser\GliderFlightTest.php" line="312" assertions="79" time="46.913496">
          <error type="Facebook\WebDriver\Exception\UnrecognizedExceptionException">Tests\Browser\GliderFlightTest::testBilling
Facebook\WebDriver\Exception\UnrecognizedExceptionException: disconnected: not connected to DevTools
  (failed to check if window was closed: disconnected: not connected to DevTools)
  (Session info: headless chrome=115.0.5790.111)

C:\Users\frede\Dropbox\xampp\htdocs\dusk_gvv\vendor\php-webdriver\webdriver\lib\Exception\WebDriverException.php:152
C:\Users\frede\Dropbox\xampp\htdocs\dusk_gvv\vendor\php-webdriver\webdriver\lib\Remote\HttpCommandExecutor.php:359
C:\Users\frede\Dropbox\xampp\htdocs\dusk_gvv\vendor\php-webdriver\webdriver\lib\Remote\RemoteWebDriver.php:605
C:\Users\frede\Dropbox\xampp\htdocs\dusk_gvv\vendor\php-webdriver\webdriver\lib\Remote\RemoteExecuteMethod.php:23
C:\Users\frede\Dropbox\xampp\htdocs\dusk_gvv\vendor\php-webdriver\webdriver\lib\Remote\RemoteTargetLocator.php:35
C:\Users\frede\Dropbox\xampp\htdocs\dusk_gvv\vendor\laravel\dusk\src\Browser.php:327
C:\Users\frede\Dropbox\xampp\htdocs\dusk_gvv\vendor\laravel\dusk\src\Concerns\ProvidesBrowser.php:144
C:\Users\frede\Dropbox\xampp\htdocs\dusk_gvv\vendor\laravel\framework\src\Illuminate\Collections\Traits\EnumeratesValues.php:245
C:\Users\frede\Dropbox\xampp\htdocs\dusk_gvv\vendor\laravel\dusk\src\Concerns\ProvidesBrowser.php:142
C:\Users\frede\Dropbox\xampp\htdocs\dusk_gvv\vendor\laravel\dusk\src\Concerns\ProvidesBrowser.php:71
C:\Users\frede\Dropbox\xampp\htdocs\dusk_gvv\tests\Browser\GliderFlightTest.php:314</error>
          <system-out>
Context Initial context:
asterix balance = -53.5
launch account balance = 73
glider time account balance = 52.5
purchases = 5
lines = 14
</system-out>
        </testcase>
        <testcase name="testSharing" class="Tests\Browser\GliderFlightTest" classname="Tests.Browser.GliderFlightTest" file="C:\Users\frede\Dropbox\xampp\htdocs\dusk_gvv\tests\Browser\GliderFlightTest.php" line="476" assertions="0" time="0.000000">
          <skipped/>
        </testcase>
        <testcase name="testLogout" class="Tests\Browser\GliderFlightTest" classname="Tests.Browser.GliderFlightTest" file="C:\Users\frede\Dropbox\xampp\htdocs\dusk_gvv\tests\Browser\GliderFlightTest.php" line="137" assertions="0" time="0.000000">
          <skipped/>
        </testcase>
      </testsuite>
      <testsuite name="Tests\Browser\InstallationTest" file="C:\Users\frede\Dropbox\xampp\htdocs\dusk_gvv\tests\Browser\InstallationTest.php" tests="1" assertions="10" errors="0" warnings="0" failures="0" skipped="0" time="14.459025">
        <testcase name="testReset" class="Tests\Browser\InstallationTest" classname="Tests.Browser.InstallationTest" file="C:\Users\frede\Dropbox\xampp\htdocs\dusk_gvv\tests\Browser\InstallationTest.php" line="16" assertions="10" time="14.459025"/>
      </testsuite>
      <testsuite name="Tests\Browser\LoginTest" file="C:\Users\frede\Dropbox\xampp\htdocs\dusk_gvv\tests\Browser\LoginTest.php" tests="3" assertions="14" errors="0" warnings="0" failures="0" skipped="0" time="12.896229">
        <testcase name="testHome" class="Tests\Browser\LoginTest" classname="Tests.Browser.LoginTest" file="C:\Users\frede\Dropbox\xampp\htdocs\dusk_gvv\tests\Browser\LoginTest.php" line="15" assertions="3" time="1.646718"/>
        <testcase name="testFirstLogin" class="Tests\Browser\LoginTest" classname="Tests.Browser.LoginTest" file="C:\Users\frede\Dropbox\xampp\htdocs\dusk_gvv\tests\Browser\LoginTest.php" line="29" assertions="6" time="5.413288"/>
        <testcase name="testAccess" class="Tests\Browser\LoginTest" classname="Tests.Browser.LoginTest" file="C:\Users\frede\Dropbox\xampp\htdocs\dusk_gvv\tests\Browser\LoginTest.php" line="45" assertions="5" time="5.836223"/>
      </testsuite>
      <testsuite name="Tests\Browser\MotdTest" file="C:\Users\frede\Dropbox\xampp\htdocs\dusk_gvv\tests\Browser\MotdTest.php" tests="2" assertions="14" errors="0" warnings="0" failures="0" skipped="0" time="11.720002">
        <testcase name="testHome" class="Tests\Browser\MotdTest" classname="Tests.Browser.MotdTest" file="C:\Users\frede\Dropbox\xampp\htdocs\dusk_gvv\tests\Browser\MotdTest.php" line="14" assertions="3" time="1.560704"/>
        <testcase name="testFirstLogin" class="Tests\Browser\MotdTest" classname="Tests.Browser.MotdTest" file="C:\Users\frede\Dropbox\xampp\htdocs\dusk_gvv\tests\Browser\MotdTest.php" line="28" assertions="11" time="10.159298"/>
      </testsuite>
      <testsuite name="Tests\Browser\PlanchisteAccessTest" file="C:\Users\frede\Dropbox\xampp\htdocs\dusk_gvv\tests\Browser\PlanchisteAccessTest.php" tests="5" assertions="536" errors="0" warnings="0" failures="0" skipped="0" time="86.591244">
        <testcase name="testAdminAccess" class="Tests\Browser\PlanchisteAccessTest" classname="Tests.Browser.PlanchisteAccessTest" file="C:\Users\frede\Dropbox\xampp\htdocs\dusk_gvv\tests\Browser\PlanchisteAccessTest.php" line="21" assertions="135" time="19.949502"/>
        <testcase name="testMembresAccess" class="Tests\Browser\PlanchisteAccessTest" classname="Tests.Browser.PlanchisteAccessTest" file="C:\Users\frede\Dropbox\xampp\htdocs\dusk_gvv\tests\Browser\PlanchisteAccessTest.php" line="65" assertions="108" time="16.264767"/>
        <testcase name="testPlaneursAccess" class="Tests\Browser\PlanchisteAccessTest" classname="Tests.Browser.PlanchisteAccessTest" file="C:\Users\frede\Dropbox\xampp\htdocs\dusk_gvv\tests\Browser\PlanchisteAccessTest.php" line="110" assertions="107" time="20.340031"/>
        <testcase name="testAvionsAccess" class="Tests\Browser\PlanchisteAccessTest" classname="Tests.Browser.PlanchisteAccessTest" file="C:\Users\frede\Dropbox\xampp\htdocs\dusk_gvv\tests\Browser\PlanchisteAccessTest.php" line="146" assertions="84" time="14.151700"/>
        <testcase name="testComptaAccess" class="Tests\Browser\PlanchisteAccessTest" classname="Tests.Browser.PlanchisteAccessTest" file="C:\Users\frede\Dropbox\xampp\htdocs\dusk_gvv\tests\Browser\PlanchisteAccessTest.php" line="178" assertions="102" time="15.885244"/>
      </testsuite>
      <testsuite name="Tests\Browser\PlaneFlightTest" file="C:\Users\frede\Dropbox\xampp\htdocs\dusk_gvv\tests\Browser\PlaneFlightTest.php" tests="10" assertions="22" errors="0" warnings="0" failures="0" skipped="0" time="18.176730">
        <testcase name="testInit" class="Tests\Browser\PlaneFlightTest" classname="Tests.Browser.PlaneFlightTest" file="C:\Users\frede\Dropbox\xampp\htdocs\dusk_gvv\tests\Browser\PlaneFlightTest.php" line="33" assertions="12" time="13.979501"/>
        <testcase name="testLogin" class="Tests\Browser\PlaneFlightTest" classname="Tests.Browser.PlaneFlightTest" file="C:\Users\frede\Dropbox\xampp\htdocs\dusk_gvv\tests\Browser\PlaneFlightTest.php" line="64" assertions="2" time="4.074386"/>
        <testcase name="testCreate" class="Tests\Browser\PlaneFlightTest" classname="Tests.Browser.PlaneFlightTest" file="C:\Users\frede\Dropbox\xampp\htdocs\dusk_gvv\tests\Browser\PlaneFlightTest.php" line="39" assertions="1" time="0.020308"/>
        <testcase name="testSingleSeater" class="Tests\Browser\PlaneFlightTest" classname="Tests.Browser.PlaneFlightTest" file="C:\Users\frede\Dropbox\xampp\htdocs\dusk_gvv\tests\Browser\PlaneFlightTest.php" line="105" assertions="1" time="0.018218"/>
        <testcase name="testInFlight" class="Tests\Browser\PlaneFlightTest" classname="Tests.Browser.PlaneFlightTest" file="C:\Users\frede\Dropbox\xampp\htdocs\dusk_gvv\tests\Browser\PlaneFlightTest.php" line="208" assertions="1" time="0.014680"/>
        <testcase name="testUpdate" class="Tests\Browser\PlaneFlightTest" classname="Tests.Browser.PlaneFlightTest" file="C:\Users\frede\Dropbox\xampp\htdocs\dusk_gvv\tests\Browser\PlaneFlightTest.php" line="256" assertions="1" time="0.014594"/>
        <testcase name="testDelete" class="Tests\Browser\PlaneFlightTest" classname="Tests.Browser.PlaneFlightTest" file="C:\Users\frede\Dropbox\xampp\htdocs\dusk_gvv\tests\Browser\PlaneFlightTest.php" line="287" assertions="1" time="0.013773"/>
        <testcase name="testBilling" class="Tests\Browser\PlaneFlightTest" classname="Tests.Browser.PlaneFlightTest" file="C:\Users\frede\Dropbox\xampp\htdocs\dusk_gvv\tests\Browser\PlaneFlightTest.php" line="321" assertions="1" time="0.015398"/>
        <testcase name="testSharing" class="Tests\Browser\PlaneFlightTest" classname="Tests.Browser.PlaneFlightTest" file="C:\Users\frede\Dropbox\xampp\htdocs\dusk_gvv\tests\Browser\PlaneFlightTest.php" line="485" assertions="1" time="0.013435"/>
        <testcase name="testLogout" class="Tests\Browser\PlaneFlightTest" classname="Tests.Browser.PlaneFlightTest" file="C:\Users\frede\Dropbox\xampp\htdocs\dusk_gvv\tests\Browser\PlaneFlightTest.php" line="137" assertions="1" time="0.012436"/>
      </testsuite>
      <testsuite name="Tests\Browser\PlaneurTest" file="C:\Users\frede\Dropbox\xampp\htdocs\dusk_gvv\tests\Browser\PlaneurTest.php" tests="1" assertions="10" errors="0" warnings="0" failures="0" skipped="0" time="14.191126">
        <testcase name="testAccess" class="Tests\Browser\PlaneurTest" classname="Tests.Browser.PlaneurTest" file="C:\Users\frede\Dropbox\xampp\htdocs\dusk_gvv\tests\Browser\PlaneurTest.php" line="13" assertions="10" time="14.191126"/>
      </testsuite>
      <testsuite name="Tests\Browser\SmokeTest" file="C:\Users\frede\Dropbox\xampp\htdocs\dusk_gvv\tests\Browser\SmokeTest.php" tests="6" assertions="243" errors="0" warnings="0" failures="0" skipped="0" time="177.911055">
        <testcase name="testLogin" class="Tests\Browser\SmokeTest" classname="Tests.Browser.SmokeTest" file="C:\Users\frede\Dropbox\xampp\htdocs\dusk_gvv\tests\Browser\SmokeTest.php" line="144" assertions="2" time="5.150035"/>
        <testcase name="testCreateData" class="Tests\Browser\SmokeTest" classname="Tests.Browser.SmokeTest" file="C:\Users\frede\Dropbox\xampp\htdocs\dusk_gvv\tests\Browser\SmokeTest.php" line="155" assertions="32" time="53.133380"/>
        <testcase name="testAccountMovements" class="Tests\Browser\SmokeTest" classname="Tests.Browser.SmokeTest" file="C:\Users\frede\Dropbox\xampp\htdocs\dusk_gvv\tests\Browser\SmokeTest.php" line="180" assertions="172" time="87.230268"/>
        <testcase name="testPlaneFlight" class="Tests\Browser\SmokeTest" classname="Tests.Browser.SmokeTest" file="C:\Users\frede\Dropbox\xampp\htdocs\dusk_gvv\tests\Browser\SmokeTest.php" line="276" assertions="12" time="10.197718"/>
        <testcase name="testGliderFlight" class="Tests\Browser\SmokeTest" classname="Tests.Browser.SmokeTest" file="C:\Users\frede\Dropbox\xampp\htdocs\dusk_gvv\tests\Browser\SmokeTest.php" line="350" assertions="24" time="21.419372"/>
        <testcase name="testLogout" class="Tests\Browser\SmokeTest" classname="Tests.Browser.SmokeTest" file="C:\Users\frede\Dropbox\xampp\htdocs\dusk_gvv\tests\Browser\SmokeTest.php" line="425" assertions="1" time="0.780281"/>
      </testsuite>
      <testsuite name="Tests\Browser\TerrainTest" file="C:\Users\frede\Dropbox\xampp\htdocs\dusk_gvv\tests\Browser\TerrainTest.php" tests="5" assertions="39" errors="0" warnings="0" failures="0" skipped="0" time="41.820264">
        <testcase name="testLogin" class="Tests\Browser\TerrainTest" classname="Tests.Browser.TerrainTest" file="C:\Users\frede\Dropbox\xampp\htdocs\dusk_gvv\tests\Browser\TerrainTest.php" line="121" assertions="2" time="5.195397"/>
        <testcase name="testCreate" class="Tests\Browser\TerrainTest" classname="Tests.Browser.TerrainTest" file="C:\Users\frede\Dropbox\xampp\htdocs\dusk_gvv\tests\Browser\TerrainTest.php" line="132" assertions="12" time="11.981776"/>
        <testcase name="testCreateErrors" class="Tests\Browser\TerrainTest" classname="Tests.Browser.TerrainTest" file="C:\Users\frede\Dropbox\xampp\htdocs\dusk_gvv\tests\Browser\TerrainTest.php" line="150" assertions="14" time="11.416536"/>
        <testcase name="testDelete" class="Tests\Browser\TerrainTest" classname="Tests.Browser.TerrainTest" file="C:\Users\frede\Dropbox\xampp\htdocs\dusk_gvv\tests\Browser\TerrainTest.php" line="160" assertions="10" time="12.445555"/>
        <testcase name="testLogout" class="Tests\Browser\TerrainTest" classname="Tests.Browser.TerrainTest" file="C:\Users\frede\Dropbox\xampp\htdocs\dusk_gvv\tests\Browser\TerrainTest.php" line="176" assertions="1" time="0.781000"/>
      </testsuite>
      <testsuite name="Tests\Browser\UserAccessTest" file="C:\Users\frede\Dropbox\xampp\htdocs\dusk_gvv\tests\Browser\UserAccessTest.php" tests="5" assertions="533" errors="0" warnings="0" failures="0" skipped="0" time="85.340577">
        <testcase name="testAdminAccess" class="Tests\Browser\UserAccessTest" classname="Tests.Browser.UserAccessTest" file="C:\Users\frede\Dropbox\xampp\htdocs\dusk_gvv\tests\Browser\UserAccessTest.php" line="21" assertions="135" time="21.008475"/>
        <testcase name="testMembresAccess" class="Tests\Browser\UserAccessTest" classname="Tests.Browser.UserAccessTest" file="C:\Users\frede\Dropbox\xampp\htdocs\dusk_gvv\tests\Browser\UserAccessTest.php" line="65" assertions="108" time="15.777158"/>
        <testcase name="testPlaneursAccess" class="Tests\Browser\UserAccessTest" classname="Tests.Browser.UserAccessTest" file="C:\Users\frede\Dropbox\xampp\htdocs\dusk_gvv\tests\Browser\UserAccessTest.php" line="110" assertions="105" time="18.796604"/>
        <testcase name="testAvionsAccess" class="Tests\Browser\UserAccessTest" classname="Tests.Browser.UserAccessTest" file="C:\Users\frede\Dropbox\xampp\htdocs\dusk_gvv\tests\Browser\UserAccessTest.php" line="146" assertions="83" time="14.360927"/>
        <testcase name="testComptaAccess" class="Tests\Browser\UserAccessTest" classname="Tests.Browser.UserAccessTest" file="C:\Users\frede\Dropbox\xampp\htdocs\dusk_gvv\tests\Browser\UserAccessTest.php" line="178" assertions="102" time="15.397413"/>
      </testsuite>
      <testsuite name="Tests\Browser\AircraftFlightTest" file="C:\Users\frede\Dropbox\xampp\htdocs\dusk_gvv\tests\Browser\AircraftFlightTest.php" tests="3" assertions="14" errors="0" warnings="1" failures="0" skipped="0" time="18.472137">
        <testcase name="testInit" class="Tests\Browser\AircraftFlightTest" classname="Tests.Browser.AircraftFlightTest" file="C:\Users\frede\Dropbox\xampp\htdocs\dusk_gvv\tests\Browser\AircraftFlightTest.php" line="33" assertions="12" time="14.344961"/>
        <testcase name="testLogin" class="Tests\Browser\AircraftFlightTest" classname="Tests.Browser.AircraftFlightTest" file="C:\Users\frede\Dropbox\xampp\htdocs\dusk_gvv\tests\Browser\AircraftFlightTest.php" line="64" assertions="2" time="4.127176"/>
        <testcase name="testLogout" class="Tests\Browser\AircraftFlightTest" classname="Tests.Browser.AircraftFlightTest" file="C:\Users\frede\Dropbox\xampp\htdocs\dusk_gvv\tests\Browser\AircraftFlightTest.php" line="137" assertions="0" time="0.000000">
          <warning type="PHPUnit\Framework\Warning">Tests\Browser\AircraftFlightTest::testLogout
This test depends on "Tests\Browser\AircraftFlightTest::testSharing" which does not exist.</warning>
        </testcase>
      </testsuite>
    </testsuite>
  </testsuite>
</testsuites>
