<?xml version="1.0" encoding="UTF-8"?>
<testsuites>
  <testsuite name="" tests="44" assertions="2909" errors="0" warnings="0" failures="0" skipped="0" time="407.838129">
    <testsuite name="Browser Test Suite" tests="44" assertions="2909" errors="0" warnings="0" failures="0" skipped="0" time="407.838129">
      <testsuite name="Tests\Browser\AdminAccessTest" file="C:\Users\frede\Dropbox\xampp\htdocs\dusk_gvv\tests\Browser\AdminAccessTest.php" tests="5" assertions="566" errors="0" warnings="0" failures="0" skipped="0" time="58.444424">
        <testcase name="testAdminAccess" class="Tests\Browser\AdminAccessTest" classname="Tests.Browser.AdminAccessTest" file="C:\Users\frede\Dropbox\xampp\htdocs\dusk_gvv\tests\Browser\AdminAccessTest.php" line="11" assertions="142" time="13.782141"/>
        <testcase name="testMembresAccess" class="Tests\Browser\AdminAccessTest" classname="Tests.Browser.AdminAccessTest" file="C:\Users\frede\Dropbox\xampp\htdocs\dusk_gvv\tests\Browser\AdminAccessTest.php" line="54" assertions="117" time="10.497182"/>
        <testcase name="testPlaneursAccess" class="Tests\Browser\AdminAccessTest" classname="Tests.Browser.AdminAccessTest" file="C:\Users\frede\Dropbox\xampp\htdocs\dusk_gvv\tests\Browser\AdminAccessTest.php" line="98" assertions="116" time="13.990562"/>
        <testcase name="testAvionsAccess" class="Tests\Browser\AdminAccessTest" classname="Tests.Browser.AdminAccessTest" file="C:\Users\frede\Dropbox\xampp\htdocs\dusk_gvv\tests\Browser\AdminAccessTest.php" line="132" assertions="92" time="9.495220"/>
        <testcase name="testComptaAccess" class="Tests\Browser\AdminAccessTest" classname="Tests.Browser.AdminAccessTest" file="C:\Users\frede\Dropbox\xampp\htdocs\dusk_gvv\tests\Browser\AdminAccessTest.php" line="163" assertions="99" time="10.679319"/>
      </testsuite>
      <testsuite name="Tests\Browser\BureauAccessTest" file="C:\Users\frede\Dropbox\xampp\htdocs\dusk_gvv\tests\Browser\BureauAccessTest.php" tests="5" assertions="529" errors="0" warnings="0" failures="0" skipped="0" time="63.003294">
        <testcase name="testAdminAccess" class="Tests\Browser\BureauAccessTest" classname="Tests.Browser.BureauAccessTest" file="C:\Users\frede\Dropbox\xampp\htdocs\dusk_gvv\tests\Browser\BureauAccessTest.php" line="11" assertions="129" time="12.991467"/>
        <testcase name="testMembresAccess" class="Tests\Browser\BureauAccessTest" classname="Tests.Browser.BureauAccessTest" file="C:\Users\frede\Dropbox\xampp\htdocs\dusk_gvv\tests\Browser\BureauAccessTest.php" line="59" assertions="117" time="9.756289"/>
        <testcase name="testPlaneursAccess" class="Tests\Browser\BureauAccessTest" classname="Tests.Browser.BureauAccessTest" file="C:\Users\frede\Dropbox\xampp\htdocs\dusk_gvv\tests\Browser\BureauAccessTest.php" line="103" assertions="116" time="23.183114"/>
        <testcase name="testAvionsAccess" class="Tests\Browser\BureauAccessTest" classname="Tests.Browser.BureauAccessTest" file="C:\Users\frede\Dropbox\xampp\htdocs\dusk_gvv\tests\Browser\BureauAccessTest.php" line="143" assertions="68" time="7.213796"/>
        <testcase name="testComptaAccess" class="Tests\Browser\BureauAccessTest" classname="Tests.Browser.BureauAccessTest" file="C:\Users\frede\Dropbox\xampp\htdocs\dusk_gvv\tests\Browser\BureauAccessTest.php" line="175" assertions="99" time="9.858629"/>
      </testsuite>
      <testsuite name="Tests\Browser\CAAccessTest" file="C:\Users\frede\Dropbox\xampp\htdocs\dusk_gvv\tests\Browser\CAAccessTest.php" tests="5" assertions="510" errors="0" warnings="0" failures="0" skipped="0" time="55.755677">
        <testcase name="testAdminAccess" class="Tests\Browser\CAAccessTest" classname="Tests.Browser.CAAccessTest" file="C:\Users\frede\Dropbox\xampp\htdocs\dusk_gvv\tests\Browser\CAAccessTest.php" line="11" assertions="119" time="12.659299"/>
        <testcase name="testMembresAccess" class="Tests\Browser\CAAccessTest" classname="Tests.Browser.CAAccessTest" file="C:\Users\frede\Dropbox\xampp\htdocs\dusk_gvv\tests\Browser\CAAccessTest.php" line="55" assertions="108" time="9.347506"/>
        <testcase name="testPlaneursAccess" class="Tests\Browser\CAAccessTest" classname="Tests.Browser.CAAccessTest" file="C:\Users\frede\Dropbox\xampp\htdocs\dusk_gvv\tests\Browser\CAAccessTest.php" line="99" assertions="107" time="13.842392"/>
        <testcase name="testAvionsAccess" class="Tests\Browser\CAAccessTest" classname="Tests.Browser.CAAccessTest" file="C:\Users\frede\Dropbox\xampp\htdocs\dusk_gvv\tests\Browser\CAAccessTest.php" line="134" assertions="85" time="9.267744"/>
        <testcase name="testComptaAccess" class="Tests\Browser\CAAccessTest" classname="Tests.Browser.CAAccessTest" file="C:\Users\frede\Dropbox\xampp\htdocs\dusk_gvv\tests\Browser\CAAccessTest.php" line="166" assertions="91" time="10.638735"/>
      </testsuite>
      <testsuite name="Tests\Browser\CIUnitTest" file="C:\Users\frede\Dropbox\xampp\htdocs\dusk_gvv\tests\Browser\CIUnitTest.php" tests="1" assertions="108" errors="0" warnings="0" failures="0" skipped="0" time="39.456837">
        <testcase name="testAccess" class="Tests\Browser\CIUnitTest" classname="Tests.Browser.CIUnitTest" file="C:\Users\frede\Dropbox\xampp\htdocs\dusk_gvv\tests\Browser\CIUnitTest.php" line="13" assertions="108" time="39.456837"/>
      </testsuite>
      <testsuite name="Tests\Browser\ExampleTest" file="C:\Users\frede\Dropbox\xampp\htdocs\dusk_gvv\tests\Browser\ExampleTest.php" tests="3" assertions="3" errors="0" warnings="0" failures="0" skipped="0" time="6.500414">
        <testcase name="testBasicExample" class="Tests\Browser\ExampleTest" classname="Tests.Browser.ExampleTest" file="C:\Users\frede\Dropbox\xampp\htdocs\dusk_gvv\tests\Browser\ExampleTest.php" line="25" assertions="1" time="5.108086"/>
        <testcase name="testGoogleSearch" class="Tests\Browser\ExampleTest" classname="Tests.Browser.ExampleTest" file="C:\Users\frede\Dropbox\xampp\htdocs\dusk_gvv\tests\Browser\ExampleTest.php" line="39" assertions="1" time="0.760090"/>
        <testcase name="testGvv" class="Tests\Browser\ExampleTest" classname="Tests.Browser.ExampleTest" file="C:\Users\frede\Dropbox\xampp\htdocs\dusk_gvv\tests\Browser\ExampleTest.php" line="52" assertions="1" time="0.632238"/>
      </testsuite>
      <testsuite name="Tests\Browser\InstallationTest" file="C:\Users\frede\Dropbox\xampp\htdocs\dusk_gvv\tests\Browser\InstallationTest.php" tests="1" assertions="10" errors="0" warnings="0" failures="0" skipped="0" time="5.557080">
        <testcase name="testReset" class="Tests\Browser\InstallationTest" classname="Tests.Browser.InstallationTest" file="C:\Users\frede\Dropbox\xampp\htdocs\dusk_gvv\tests\Browser\InstallationTest.php" line="16" assertions="10" time="5.557080"/>
      </testsuite>
      <testsuite name="Tests\Browser\LoginTest" file="C:\Users\frede\Dropbox\xampp\htdocs\dusk_gvv\tests\Browser\LoginTest.php" tests="3" assertions="14" errors="0" warnings="0" failures="0" skipped="0" time="9.060188">
        <testcase name="testHome" class="Tests\Browser\LoginTest" classname="Tests.Browser.LoginTest" file="C:\Users\frede\Dropbox\xampp\htdocs\dusk_gvv\tests\Browser\LoginTest.php" line="15" assertions="3" time="1.260641"/>
        <testcase name="testFirstLogin" class="Tests\Browser\LoginTest" classname="Tests.Browser.LoginTest" file="C:\Users\frede\Dropbox\xampp\htdocs\dusk_gvv\tests\Browser\LoginTest.php" line="29" assertions="6" time="3.919996"/>
        <testcase name="testAccess" class="Tests\Browser\LoginTest" classname="Tests.Browser.LoginTest" file="C:\Users\frede\Dropbox\xampp\htdocs\dusk_gvv\tests\Browser\LoginTest.php" line="45" assertions="5" time="3.879552"/>
      </testsuite>
      <testsuite name="Tests\Browser\MotdTest" file="C:\Users\frede\Dropbox\xampp\htdocs\dusk_gvv\tests\Browser\MotdTest.php" tests="2" assertions="14" errors="0" warnings="0" failures="0" skipped="0" time="8.554925">
        <testcase name="testHome" class="Tests\Browser\MotdTest" classname="Tests.Browser.MotdTest" file="C:\Users\frede\Dropbox\xampp\htdocs\dusk_gvv\tests\Browser\MotdTest.php" line="14" assertions="3" time="1.688924"/>
        <testcase name="testFirstLogin" class="Tests\Browser\MotdTest" classname="Tests.Browser.MotdTest" file="C:\Users\frede\Dropbox\xampp\htdocs\dusk_gvv\tests\Browser\MotdTest.php" line="28" assertions="11" time="6.866002"/>
      </testsuite>
      <testsuite name="Tests\Browser\PlanchisteAccessTest" file="C:\Users\frede\Dropbox\xampp\htdocs\dusk_gvv\tests\Browser\PlanchisteAccessTest.php" tests="5" assertions="536" errors="0" warnings="0" failures="0" skipped="0" time="49.964433">
        <testcase name="testAdminAccess" class="Tests\Browser\PlanchisteAccessTest" classname="Tests.Browser.PlanchisteAccessTest" file="C:\Users\frede\Dropbox\xampp\htdocs\dusk_gvv\tests\Browser\PlanchisteAccessTest.php" line="21" assertions="135" time="11.815059"/>
        <testcase name="testMembresAccess" class="Tests\Browser\PlanchisteAccessTest" classname="Tests.Browser.PlanchisteAccessTest" file="C:\Users\frede\Dropbox\xampp\htdocs\dusk_gvv\tests\Browser\PlanchisteAccessTest.php" line="65" assertions="108" time="8.881431"/>
        <testcase name="testPlaneursAccess" class="Tests\Browser\PlanchisteAccessTest" classname="Tests.Browser.PlanchisteAccessTest" file="C:\Users\frede\Dropbox\xampp\htdocs\dusk_gvv\tests\Browser\PlanchisteAccessTest.php" line="110" assertions="107" time="12.360566"/>
        <testcase name="testAvionsAccess" class="Tests\Browser\PlanchisteAccessTest" classname="Tests.Browser.PlanchisteAccessTest" file="C:\Users\frede\Dropbox\xampp\htdocs\dusk_gvv\tests\Browser\PlanchisteAccessTest.php" line="146" assertions="84" time="8.641324"/>
        <testcase name="testComptaAccess" class="Tests\Browser\PlanchisteAccessTest" classname="Tests.Browser.PlanchisteAccessTest" file="C:\Users\frede\Dropbox\xampp\htdocs\dusk_gvv\tests\Browser\PlanchisteAccessTest.php" line="178" assertions="102" time="8.266052"/>
      </testsuite>
      <testsuite name="Tests\Browser\PlaneurTest" file="C:\Users\frede\Dropbox\xampp\htdocs\dusk_gvv\tests\Browser\PlaneurTest.php" tests="1" assertions="6" errors="0" warnings="0" failures="0" skipped="0" time="4.874777">
        <testcase name="testAccess" class="Tests\Browser\PlaneurTest" classname="Tests.Browser.PlaneurTest" file="C:\Users\frede\Dropbox\xampp\htdocs\dusk_gvv\tests\Browser\PlaneurTest.php" line="27" assertions="6" time="4.874777"/>
      </testsuite>
      <testsuite name="Tests\Browser\SmokeTest" file="C:\Users\frede\Dropbox\xampp\htdocs\dusk_gvv\tests\Browser\SmokeTest.php" tests="3" assertions="41" errors="0" warnings="0" failures="0" skipped="0" time="42.778076">
        <testcase name="testLogin" class="Tests\Browser\SmokeTest" classname="Tests.Browser.SmokeTest" file="C:\Users\frede\Dropbox\xampp\htdocs\dusk_gvv\tests\Browser\SmokeTest.php" line="155" assertions="2" time="4.316809"/>
        <testcase name="testCreateData" class="Tests\Browser\SmokeTest" classname="Tests.Browser.SmokeTest" file="C:\Users\frede\Dropbox\xampp\htdocs\dusk_gvv\tests\Browser\SmokeTest.php" line="166" assertions="38" time="37.762414"/>
        <testcase name="testLogout" class="Tests\Browser\SmokeTest" classname="Tests.Browser.SmokeTest" file="C:\Users\frede\Dropbox\xampp\htdocs\dusk_gvv\tests\Browser\SmokeTest.php" line="181" assertions="1" time="0.698853"/>
      </testsuite>
      <testsuite name="Tests\Browser\TerrainTest" file="C:\Users\frede\Dropbox\xampp\htdocs\dusk_gvv\tests\Browser\TerrainTest.php" tests="5" assertions="39" errors="0" warnings="0" failures="0" skipped="0" time="16.233433">
        <testcase name="testLogin" class="Tests\Browser\TerrainTest" classname="Tests.Browser.TerrainTest" file="C:\Users\frede\Dropbox\xampp\htdocs\dusk_gvv\tests\Browser\TerrainTest.php" line="121" assertions="2" time="4.113294"/>
        <testcase name="testCreate" class="Tests\Browser\TerrainTest" classname="Tests.Browser.TerrainTest" file="C:\Users\frede\Dropbox\xampp\htdocs\dusk_gvv\tests\Browser\TerrainTest.php" line="132" assertions="12" time="4.396232"/>
        <testcase name="testCreateErrors" class="Tests\Browser\TerrainTest" classname="Tests.Browser.TerrainTest" file="C:\Users\frede\Dropbox\xampp\htdocs\dusk_gvv\tests\Browser\TerrainTest.php" line="150" assertions="14" time="3.615966"/>
        <testcase name="testDelete" class="Tests\Browser\TerrainTest" classname="Tests.Browser.TerrainTest" file="C:\Users\frede\Dropbox\xampp\htdocs\dusk_gvv\tests\Browser\TerrainTest.php" line="160" assertions="10" time="3.778062"/>
        <testcase name="testLogout" class="Tests\Browser\TerrainTest" classname="Tests.Browser.TerrainTest" file="C:\Users\frede\Dropbox\xampp\htdocs\dusk_gvv\tests\Browser\TerrainTest.php" line="176" assertions="1" time="0.329879"/>
      </testsuite>
      <testsuite name="Tests\Browser\UserAccessTest" file="C:\Users\frede\Dropbox\xampp\htdocs\dusk_gvv\tests\Browser\UserAccessTest.php" tests="5" assertions="533" errors="0" warnings="0" failures="0" skipped="0" time="47.654572">
        <testcase name="testAdminAccess" class="Tests\Browser\UserAccessTest" classname="Tests.Browser.UserAccessTest" file="C:\Users\frede\Dropbox\xampp\htdocs\dusk_gvv\tests\Browser\UserAccessTest.php" line="21" assertions="135" time="12.779238"/>
        <testcase name="testMembresAccess" class="Tests\Browser\UserAccessTest" classname="Tests.Browser.UserAccessTest" file="C:\Users\frede\Dropbox\xampp\htdocs\dusk_gvv\tests\Browser\UserAccessTest.php" line="65" assertions="108" time="8.800658"/>
        <testcase name="testPlaneursAccess" class="Tests\Browser\UserAccessTest" classname="Tests.Browser.UserAccessTest" file="C:\Users\frede\Dropbox\xampp\htdocs\dusk_gvv\tests\Browser\UserAccessTest.php" line="110" assertions="105" time="9.732067"/>
        <testcase name="testAvionsAccess" class="Tests\Browser\UserAccessTest" classname="Tests.Browser.UserAccessTest" file="C:\Users\frede\Dropbox\xampp\htdocs\dusk_gvv\tests\Browser\UserAccessTest.php" line="146" assertions="83" time="8.272013"/>
        <testcase name="testComptaAccess" class="Tests\Browser\UserAccessTest" classname="Tests.Browser.UserAccessTest" file="C:\Users\frede\Dropbox\xampp\htdocs\dusk_gvv\tests\Browser\UserAccessTest.php" line="178" assertions="102" time="8.070596"/>
      </testsuite>
    </testsuite>
  </testsuite>
</testsuites>
