<?xml version="1.0" encoding="UTF-8"?>
<testsuites>
  <testsuite name="" tests="9" assertions="279" errors="0" warnings="0" failures="0" skipped="0" time="55.112706">
    <testsuite name="Browser Test Suite" tests="9" assertions="279" errors="0" warnings="0" failures="0" skipped="0" time="55.112706">
      <testsuite name="Tests\Browser\CIUnitTest" file="C:\Users\frede\Dropbox\xampp\htdocs\dusk_gvv\tests\Browser\CIUnitTest.php" tests="1" assertions="113" errors="0" warnings="0" failures="0" skipped="0" time="14.161677">
        <testcase name="testAccess" class="Tests\Browser\CIUnitTest" classname="Tests.Browser.CIUnitTest" file="C:\Users\frede\Dropbox\xampp\htdocs\dusk_gvv\tests\Browser\CIUnitTest.php" line="13" assertions="113" time="14.161677"/>
      </testsuite>
      <testsuite name="Tests\Browser\ExampleTest" file="C:\Users\frede\Dropbox\xampp\htdocs\dusk_gvv\tests\Browser\ExampleTest.php" tests="1" assertions="1" errors="0" warnings="0" failures="0" skipped="0" time="4.477090">
        <testcase name="testBasicExample" class="Tests\Browser\ExampleTest" classname="Tests.Browser.ExampleTest" file="C:\Users\frede\Dropbox\xampp\htdocs\dusk_gvv\tests\Browser\ExampleTest.php" line="16" assertions="1" time="4.477090"/>
      </testsuite>
      <testsuite name="Tests\Browser\InstallationTest" file="C:\Users\frede\Dropbox\xampp\htdocs\dusk_gvv\tests\Browser\InstallationTest.php" tests="1" assertions="5" errors="0" warnings="0" failures="0" skipped="0" time="1.076607">
        <testcase name="testReset" class="Tests\Browser\InstallationTest" classname="Tests.Browser.InstallationTest" file="C:\Users\frede\Dropbox\xampp\htdocs\dusk_gvv\tests\Browser\InstallationTest.php" line="17" assertions="5" time="1.076607"/>
      </testsuite>
      <testsuite name="Tests\Browser\LoginTest" file="C:\Users\frede\Dropbox\xampp\htdocs\dusk_gvv\tests\Browser\LoginTest.php" tests="3" assertions="10" errors="0" warnings="0" failures="0" skipped="0" time="10.008615">
        <testcase name="testHome" class="Tests\Browser\LoginTest" classname="Tests.Browser.LoginTest" file="C:\Users\frede\Dropbox\xampp\htdocs\dusk_gvv\tests\Browser\LoginTest.php" line="16" assertions="3" time="2.138881"/>
        <testcase name="testFirstLogin" class="Tests\Browser\LoginTest" classname="Tests.Browser.LoginTest" file="C:\Users\frede\Dropbox\xampp\htdocs\dusk_gvv\tests\Browser\LoginTest.php" line="30" assertions="4" time="3.911904"/>
        <testcase name="testAccess" class="Tests\Browser\LoginTest" classname="Tests.Browser.LoginTest" file="C:\Users\frede\Dropbox\xampp\htdocs\dusk_gvv\tests\Browser\LoginTest.php" line="46" assertions="3" time="3.957830"/>
      </testsuite>
      <testsuite name="Tests\Browser\MotdTest" file="C:\Users\frede\Dropbox\xampp\htdocs\dusk_gvv\tests\Browser\MotdTest.php" tests="2" assertions="10" errors="0" warnings="0" failures="0" skipped="0" time="11.278961">
        <testcase name="testHome" class="Tests\Browser\MotdTest" classname="Tests.Browser.MotdTest" file="C:\Users\frede\Dropbox\xampp\htdocs\dusk_gvv\tests\Browser\MotdTest.php" line="14" assertions="3" time="3.948391"/>
        <testcase name="testFirstLogin" class="Tests\Browser\MotdTest" classname="Tests.Browser.MotdTest" file="C:\Users\frede\Dropbox\xampp\htdocs\dusk_gvv\tests\Browser\MotdTest.php" line="28" assertions="7" time="7.330570"/>
      </testsuite>
      <testsuite name="Tests\Browser\PageAccessTest" file="C:\Users\frede\Dropbox\xampp\htdocs\dusk_gvv\tests\Browser\PageAccessTest.php" tests="1" assertions="140" errors="0" warnings="0" failures="0" skipped="0" time="14.109756">
        <testcase name="testAccess" class="Tests\Browser\PageAccessTest" classname="Tests.Browser.PageAccessTest" file="C:\Users\frede\Dropbox\xampp\htdocs\dusk_gvv\tests\Browser\PageAccessTest.php" line="12" assertions="140" time="14.109756"/>
      </testsuite>
    </testsuite>
  </testsuite>
</testsuites>
