<?xml version="1.0" encoding="UTF-8"?>
<testsuites>
  <testsuite name="" tests="3" assertions="6" errors="0" warnings="0" failures="0" skipped="0" time="11.795077">
    <testsuite name="Browser Test Suite" tests="3" assertions="6" errors="0" warnings="0" failures="0" skipped="0" time="11.795077">
      <testsuite name="Tests\Browser\ExampleTest" file="C:\Users\frede\Dropbox\xampp\htdocs\dusk_gvv\tests\Browser\ExampleTest.php" tests="1" assertions="1" errors="0" warnings="0" failures="0" skipped="0" time="7.208952">
        <testcase name="testBasicExample" class="Tests\Browser\ExampleTest" classname="Tests.Browser.ExampleTest" file="C:\Users\frede\Dropbox\xampp\htdocs\dusk_gvv\tests\Browser\ExampleTest.php" line="16" assertions="1" time="7.208952"/>
      </testsuite>
      <testsuite name="Tests\Browser\LoginTest" file="C:\Users\frede\Dropbox\xampp\htdocs\dusk_gvv\tests\Browser\LoginTest.php" tests="2" assertions="5" errors="0" warnings="0" failures="0" skipped="0" time="4.586125">
        <testcase name="testExample" class="Tests\Browser\LoginTest" classname="Tests.Browser.LoginTest" file="C:\Users\frede\Dropbox\xampp\htdocs\dusk_gvv\tests\Browser\LoginTest.php" line="16" assertions="3" time="1.420211"/>
        <testcase name="testExample2" class="Tests\Browser\LoginTest" classname="Tests.Browser.LoginTest" file="C:\Users\frede\Dropbox\xampp\htdocs\dusk_gvv\tests\Browser\LoginTest.php" line="31" assertions="2" time="3.165914"/>
      </testsuite>
    </testsuite>
  </testsuite>
</testsuites>
