<?xml version="1.0" encoding="UTF-8"?>
<testsuites>
  <testsuite name="" tests="45" assertions="2937" errors="0" warnings="0" failures="0" skipped="0" time="500.416177">
    <testsuite name="Browser Test Suite" tests="45" assertions="2937" errors="0" warnings="0" failures="0" skipped="0" time="500.416177">
      <testsuite name="Tests\Browser\AdminAccessTest" file="C:\Users\frede\Dropbox\xampp\htdocs\dusk_gvv\tests\Browser\AdminAccessTest.php" tests="5" assertions="566" errors="0" warnings="0" failures="0" skipped="0" time="62.125259">
        <testcase name="testAdminAccess" class="Tests\Browser\AdminAccessTest" classname="Tests.Browser.AdminAccessTest" file="C:\Users\frede\Dropbox\xampp\htdocs\dusk_gvv\tests\Browser\AdminAccessTest.php" line="11" assertions="142" time="14.807458"/>
        <testcase name="testMembresAccess" class="Tests\Browser\AdminAccessTest" classname="Tests.Browser.AdminAccessTest" file="C:\Users\frede\Dropbox\xampp\htdocs\dusk_gvv\tests\Browser\AdminAccessTest.php" line="54" assertions="117" time="11.077867"/>
        <testcase name="testPlaneursAccess" class="Tests\Browser\AdminAccessTest" classname="Tests.Browser.AdminAccessTest" file="C:\Users\frede\Dropbox\xampp\htdocs\dusk_gvv\tests\Browser\AdminAccessTest.php" line="98" assertions="116" time="13.798750"/>
        <testcase name="testAvionsAccess" class="Tests\Browser\AdminAccessTest" classname="Tests.Browser.AdminAccessTest" file="C:\Users\frede\Dropbox\xampp\htdocs\dusk_gvv\tests\Browser\AdminAccessTest.php" line="132" assertions="92" time="11.103643"/>
        <testcase name="testComptaAccess" class="Tests\Browser\AdminAccessTest" classname="Tests.Browser.AdminAccessTest" file="C:\Users\frede\Dropbox\xampp\htdocs\dusk_gvv\tests\Browser\AdminAccessTest.php" line="163" assertions="99" time="11.337541"/>
      </testsuite>
      <testsuite name="Tests\Browser\BureauAccessTest" file="C:\Users\frede\Dropbox\xampp\htdocs\dusk_gvv\tests\Browser\BureauAccessTest.php" tests="5" assertions="529" errors="0" warnings="0" failures="0" skipped="0" time="57.091147">
        <testcase name="testAdminAccess" class="Tests\Browser\BureauAccessTest" classname="Tests.Browser.BureauAccessTest" file="C:\Users\frede\Dropbox\xampp\htdocs\dusk_gvv\tests\Browser\BureauAccessTest.php" line="11" assertions="129" time="13.275375"/>
        <testcase name="testMembresAccess" class="Tests\Browser\BureauAccessTest" classname="Tests.Browser.BureauAccessTest" file="C:\Users\frede\Dropbox\xampp\htdocs\dusk_gvv\tests\Browser\BureauAccessTest.php" line="59" assertions="117" time="10.672473"/>
        <testcase name="testPlaneursAccess" class="Tests\Browser\BureauAccessTest" classname="Tests.Browser.BureauAccessTest" file="C:\Users\frede\Dropbox\xampp\htdocs\dusk_gvv\tests\Browser\BureauAccessTest.php" line="103" assertions="116" time="14.463012"/>
        <testcase name="testAvionsAccess" class="Tests\Browser\BureauAccessTest" classname="Tests.Browser.BureauAccessTest" file="C:\Users\frede\Dropbox\xampp\htdocs\dusk_gvv\tests\Browser\BureauAccessTest.php" line="143" assertions="68" time="7.994854"/>
        <testcase name="testComptaAccess" class="Tests\Browser\BureauAccessTest" classname="Tests.Browser.BureauAccessTest" file="C:\Users\frede\Dropbox\xampp\htdocs\dusk_gvv\tests\Browser\BureauAccessTest.php" line="175" assertions="99" time="10.685432"/>
      </testsuite>
      <testsuite name="Tests\Browser\CAAccessTest" file="C:\Users\frede\Dropbox\xampp\htdocs\dusk_gvv\tests\Browser\CAAccessTest.php" tests="5" assertions="510" errors="0" warnings="0" failures="0" skipped="0" time="59.029319">
        <testcase name="testAdminAccess" class="Tests\Browser\CAAccessTest" classname="Tests.Browser.CAAccessTest" file="C:\Users\frede\Dropbox\xampp\htdocs\dusk_gvv\tests\Browser\CAAccessTest.php" line="11" assertions="119" time="13.904658"/>
        <testcase name="testMembresAccess" class="Tests\Browser\CAAccessTest" classname="Tests.Browser.CAAccessTest" file="C:\Users\frede\Dropbox\xampp\htdocs\dusk_gvv\tests\Browser\CAAccessTest.php" line="55" assertions="108" time="11.337829"/>
        <testcase name="testPlaneursAccess" class="Tests\Browser\CAAccessTest" classname="Tests.Browser.CAAccessTest" file="C:\Users\frede\Dropbox\xampp\htdocs\dusk_gvv\tests\Browser\CAAccessTest.php" line="99" assertions="107" time="13.250005"/>
        <testcase name="testAvionsAccess" class="Tests\Browser\CAAccessTest" classname="Tests.Browser.CAAccessTest" file="C:\Users\frede\Dropbox\xampp\htdocs\dusk_gvv\tests\Browser\CAAccessTest.php" line="134" assertions="85" time="10.645632"/>
        <testcase name="testComptaAccess" class="Tests\Browser\CAAccessTest" classname="Tests.Browser.CAAccessTest" file="C:\Users\frede\Dropbox\xampp\htdocs\dusk_gvv\tests\Browser\CAAccessTest.php" line="166" assertions="91" time="9.891196"/>
      </testsuite>
      <testsuite name="Tests\Browser\CIUnitTest" file="C:\Users\frede\Dropbox\xampp\htdocs\dusk_gvv\tests\Browser\CIUnitTest.php" tests="1" assertions="108" errors="0" warnings="0" failures="0" skipped="0" time="38.923850">
        <testcase name="testAccess" class="Tests\Browser\CIUnitTest" classname="Tests.Browser.CIUnitTest" file="C:\Users\frede\Dropbox\xampp\htdocs\dusk_gvv\tests\Browser\CIUnitTest.php" line="13" assertions="108" time="38.923850"/>
      </testsuite>
      <testsuite name="Tests\Browser\ExampleTest" file="C:\Users\frede\Dropbox\xampp\htdocs\dusk_gvv\tests\Browser\ExampleTest.php" tests="3" assertions="3" errors="0" warnings="0" failures="0" skipped="0" time="8.328951">
        <testcase name="testBasicExample" class="Tests\Browser\ExampleTest" classname="Tests.Browser.ExampleTest" file="C:\Users\frede\Dropbox\xampp\htdocs\dusk_gvv\tests\Browser\ExampleTest.php" line="25" assertions="1" time="2.943751"/>
        <testcase name="testGoogleSearch" class="Tests\Browser\ExampleTest" classname="Tests.Browser.ExampleTest" file="C:\Users\frede\Dropbox\xampp\htdocs\dusk_gvv\tests\Browser\ExampleTest.php" line="39" assertions="1" time="0.849138"/>
        <testcase name="testGvv" class="Tests\Browser\ExampleTest" classname="Tests.Browser.ExampleTest" file="C:\Users\frede\Dropbox\xampp\htdocs\dusk_gvv\tests\Browser\ExampleTest.php" line="52" assertions="1" time="4.536062"/>
      </testsuite>
      <testsuite name="Tests\Browser\InstallationTest" file="C:\Users\frede\Dropbox\xampp\htdocs\dusk_gvv\tests\Browser\InstallationTest.php" tests="1" assertions="10" errors="0" warnings="0" failures="0" skipped="0" time="11.087106">
        <testcase name="testReset" class="Tests\Browser\InstallationTest" classname="Tests.Browser.InstallationTest" file="C:\Users\frede\Dropbox\xampp\htdocs\dusk_gvv\tests\Browser\InstallationTest.php" line="16" assertions="10" time="11.087106"/>
      </testsuite>
      <testsuite name="Tests\Browser\LoginTest" file="C:\Users\frede\Dropbox\xampp\htdocs\dusk_gvv\tests\Browser\LoginTest.php" tests="3" assertions="14" errors="0" warnings="0" failures="0" skipped="0" time="10.652733">
        <testcase name="testHome" class="Tests\Browser\LoginTest" classname="Tests.Browser.LoginTest" file="C:\Users\frede\Dropbox\xampp\htdocs\dusk_gvv\tests\Browser\LoginTest.php" line="15" assertions="3" time="2.744887"/>
        <testcase name="testFirstLogin" class="Tests\Browser\LoginTest" classname="Tests.Browser.LoginTest" file="C:\Users\frede\Dropbox\xampp\htdocs\dusk_gvv\tests\Browser\LoginTest.php" line="29" assertions="6" time="3.786030"/>
        <testcase name="testAccess" class="Tests\Browser\LoginTest" classname="Tests.Browser.LoginTest" file="C:\Users\frede\Dropbox\xampp\htdocs\dusk_gvv\tests\Browser\LoginTest.php" line="45" assertions="5" time="4.121815"/>
      </testsuite>
      <testsuite name="Tests\Browser\MotdTest" file="C:\Users\frede\Dropbox\xampp\htdocs\dusk_gvv\tests\Browser\MotdTest.php" tests="2" assertions="14" errors="0" warnings="0" failures="0" skipped="0" time="9.206244">
        <testcase name="testHome" class="Tests\Browser\MotdTest" classname="Tests.Browser.MotdTest" file="C:\Users\frede\Dropbox\xampp\htdocs\dusk_gvv\tests\Browser\MotdTest.php" line="14" assertions="3" time="1.838901"/>
        <testcase name="testFirstLogin" class="Tests\Browser\MotdTest" classname="Tests.Browser.MotdTest" file="C:\Users\frede\Dropbox\xampp\htdocs\dusk_gvv\tests\Browser\MotdTest.php" line="28" assertions="11" time="7.367343"/>
      </testsuite>
      <testsuite name="Tests\Browser\PlanchisteAccessTest" file="C:\Users\frede\Dropbox\xampp\htdocs\dusk_gvv\tests\Browser\PlanchisteAccessTest.php" tests="5" assertions="536" errors="0" warnings="0" failures="0" skipped="0" time="54.405694">
        <testcase name="testAdminAccess" class="Tests\Browser\PlanchisteAccessTest" classname="Tests.Browser.PlanchisteAccessTest" file="C:\Users\frede\Dropbox\xampp\htdocs\dusk_gvv\tests\Browser\PlanchisteAccessTest.php" line="21" assertions="135" time="12.436928"/>
        <testcase name="testMembresAccess" class="Tests\Browser\PlanchisteAccessTest" classname="Tests.Browser.PlanchisteAccessTest" file="C:\Users\frede\Dropbox\xampp\htdocs\dusk_gvv\tests\Browser\PlanchisteAccessTest.php" line="65" assertions="108" time="10.362720"/>
        <testcase name="testPlaneursAccess" class="Tests\Browser\PlanchisteAccessTest" classname="Tests.Browser.PlanchisteAccessTest" file="C:\Users\frede\Dropbox\xampp\htdocs\dusk_gvv\tests\Browser\PlanchisteAccessTest.php" line="110" assertions="107" time="13.624141"/>
        <testcase name="testAvionsAccess" class="Tests\Browser\PlanchisteAccessTest" classname="Tests.Browser.PlanchisteAccessTest" file="C:\Users\frede\Dropbox\xampp\htdocs\dusk_gvv\tests\Browser\PlanchisteAccessTest.php" line="146" assertions="84" time="8.888408"/>
        <testcase name="testComptaAccess" class="Tests\Browser\PlanchisteAccessTest" classname="Tests.Browser.PlanchisteAccessTest" file="C:\Users\frede\Dropbox\xampp\htdocs\dusk_gvv\tests\Browser\PlanchisteAccessTest.php" line="178" assertions="102" time="9.093497"/>
      </testsuite>
      <testsuite name="Tests\Browser\PlaneurTest" file="C:\Users\frede\Dropbox\xampp\htdocs\dusk_gvv\tests\Browser\PlaneurTest.php" tests="1" assertions="11" errors="0" warnings="0" failures="0" skipped="0" time="7.503501">
        <testcase name="testAccess" class="Tests\Browser\PlaneurTest" classname="Tests.Browser.PlaneurTest" file="C:\Users\frede\Dropbox\xampp\htdocs\dusk_gvv\tests\Browser\PlaneurTest.php" line="13" assertions="11" time="7.503501"/>
      </testsuite>
      <testsuite name="Tests\Browser\SmokeTest" file="C:\Users\frede\Dropbox\xampp\htdocs\dusk_gvv\tests\Browser\SmokeTest.php" tests="4" assertions="64" errors="0" warnings="0" failures="0" skipped="0" time="90.833196">
        <testcase name="testLogin" class="Tests\Browser\SmokeTest" classname="Tests.Browser.SmokeTest" file="C:\Users\frede\Dropbox\xampp\htdocs\dusk_gvv\tests\Browser\SmokeTest.php" line="154" assertions="2" time="4.834259"/>
        <testcase name="testCreateData" class="Tests\Browser\SmokeTest" classname="Tests.Browser.SmokeTest" file="C:\Users\frede\Dropbox\xampp\htdocs\dusk_gvv\tests\Browser\SmokeTest.php" line="165" assertions="57" time="80.287292">
          <system-out>creating F-JUFA
creating F-GUFB
</system-out>
        </testcase>
        <testcase name="testAccountMovements" class="Tests\Browser\SmokeTest" classname="Tests.Browser.SmokeTest" file="C:\Users\frede\Dropbox\xampp\htdocs\dusk_gvv\tests\Browser\SmokeTest.php" line="190" assertions="4" time="4.883146">
          <system-out>creating Avance sur vols
</system-out>
        </testcase>
        <testcase name="testLogout" class="Tests\Browser\SmokeTest" classname="Tests.Browser.SmokeTest" file="C:\Users\frede\Dropbox\xampp\htdocs\dusk_gvv\tests\Browser\SmokeTest.php" line="227" assertions="1" time="0.828499"/>
      </testsuite>
      <testsuite name="Tests\Browser\TerrainTest" file="C:\Users\frede\Dropbox\xampp\htdocs\dusk_gvv\tests\Browser\TerrainTest.php" tests="5" assertions="39" errors="0" warnings="0" failures="0" skipped="0" time="28.653581">
        <testcase name="testLogin" class="Tests\Browser\TerrainTest" classname="Tests.Browser.TerrainTest" file="C:\Users\frede\Dropbox\xampp\htdocs\dusk_gvv\tests\Browser\TerrainTest.php" line="121" assertions="2" time="9.078251"/>
        <testcase name="testCreate" class="Tests\Browser\TerrainTest" classname="Tests.Browser.TerrainTest" file="C:\Users\frede\Dropbox\xampp\htdocs\dusk_gvv\tests\Browser\TerrainTest.php" line="132" assertions="12" time="7.508827"/>
        <testcase name="testCreateErrors" class="Tests\Browser\TerrainTest" classname="Tests.Browser.TerrainTest" file="C:\Users\frede\Dropbox\xampp\htdocs\dusk_gvv\tests\Browser\TerrainTest.php" line="150" assertions="14" time="5.631890"/>
        <testcase name="testDelete" class="Tests\Browser\TerrainTest" classname="Tests.Browser.TerrainTest" file="C:\Users\frede\Dropbox\xampp\htdocs\dusk_gvv\tests\Browser\TerrainTest.php" line="160" assertions="10" time="5.567645"/>
        <testcase name="testLogout" class="Tests\Browser\TerrainTest" classname="Tests.Browser.TerrainTest" file="C:\Users\frede\Dropbox\xampp\htdocs\dusk_gvv\tests\Browser\TerrainTest.php" line="176" assertions="1" time="0.866968"/>
      </testsuite>
      <testsuite name="Tests\Browser\UserAccessTest" file="C:\Users\frede\Dropbox\xampp\htdocs\dusk_gvv\tests\Browser\UserAccessTest.php" tests="5" assertions="533" errors="0" warnings="0" failures="0" skipped="0" time="62.575595">
        <testcase name="testAdminAccess" class="Tests\Browser\UserAccessTest" classname="Tests.Browser.UserAccessTest" file="C:\Users\frede\Dropbox\xampp\htdocs\dusk_gvv\tests\Browser\UserAccessTest.php" line="21" assertions="135" time="22.934382"/>
        <testcase name="testMembresAccess" class="Tests\Browser\UserAccessTest" classname="Tests.Browser.UserAccessTest" file="C:\Users\frede\Dropbox\xampp\htdocs\dusk_gvv\tests\Browser\UserAccessTest.php" line="65" assertions="108" time="13.381615"/>
        <testcase name="testPlaneursAccess" class="Tests\Browser\UserAccessTest" classname="Tests.Browser.UserAccessTest" file="C:\Users\frede\Dropbox\xampp\htdocs\dusk_gvv\tests\Browser\UserAccessTest.php" line="110" assertions="105" time="10.026246"/>
        <testcase name="testAvionsAccess" class="Tests\Browser\UserAccessTest" classname="Tests.Browser.UserAccessTest" file="C:\Users\frede\Dropbox\xampp\htdocs\dusk_gvv\tests\Browser\UserAccessTest.php" line="146" assertions="83" time="8.087629"/>
        <testcase name="testComptaAccess" class="Tests\Browser\UserAccessTest" classname="Tests.Browser.UserAccessTest" file="C:\Users\frede\Dropbox\xampp\htdocs\dusk_gvv\tests\Browser\UserAccessTest.php" line="178" assertions="102" time="8.145723"/>
      </testsuite>
    </testsuite>
  </testsuite>
</testsuites>
